2025-04-02 12:25:32: INFO: ******************* test_login_001 **********************
2025-04-02 12:25:32: INFO: *******************verify homepage title **********************
2025-04-02 12:25:40: INFO: ******************* home page test case pass successfully ********************
2025-04-02 12:25:41: INFO: ******************* verify login page **********************
2025-04-02 12:25:43: INFO: ******************* set username successfully **********************
2025-04-02 12:25:47: INFO: ******************* set password successfully **********************
2025-04-02 12:25:50: INFO: ******************* click on login btn **********************
2025-04-02 12:25:53: ERROR: ******************* login test case failed **********************
2025-04-02 12:52:54: INFO: ******************* test_login_001 **********************
2025-04-02 12:52:54: INFO: *******************verify homepage title **********************
2025-04-02 12:53:02: INFO: ******************* home page test case pass successfully ********************
2025-04-02 12:53:04: INFO: ******************* verify login page **********************
2025-04-02 12:53:06: INFO: ******************* set username successfully **********************
2025-04-02 12:53:09: INFO: ******************* set password successfully **********************
2025-04-02 12:53:12: INFO: ******************* click on login btn **********************
2025-04-02 12:53:16: ERROR: ******************* login test case failed **********************
2025-04-02 12:54:22: INFO: ******************* test_login_001 **********************
2025-04-02 12:54:22: INFO: *******************verify homepage title **********************
2025-04-02 12:54:31: INFO: ******************* home page test case pass successfully ********************
2025-04-02 12:54:37: INFO: ******************* verify login page **********************
2025-04-02 12:54:40: INFO: ******************* set username successfully **********************
2025-04-02 12:54:43: INFO: ******************* set password successfully **********************
2025-04-02 12:54:47: INFO: ******************* click on login btn **********************
2025-04-02 12:54:51: ERROR: ******************* login test case failed **********************
2025-04-02 13:02:52: INFO: ******************* test_login_001 **********************
2025-04-02 13:02:52: INFO: *******************verify homepage title **********************
2025-04-02 13:02:52: INFO: ******************* verify login page **********************
2025-04-02 13:02:54: INFO: ******************* set username successfully **********************
2025-04-02 13:02:58: INFO: ******************* set password successfully **********************
2025-04-02 13:03:00: INFO: ******************* home page test case pass successfully ********************
2025-04-02 13:03:01: INFO: ******************* click on login btn **********************
2025-04-02 13:03:04: ERROR: ******************* login test case failed **********************
2025-04-02 13:04:58: INFO: ******************* verify login page **********************
2025-04-02 13:04:58: INFO: ******************* test_login_001 **********************
2025-04-02 13:04:58: INFO: *******************verify homepage title **********************
2025-04-02 13:05:01: INFO: ******************* set username successfully **********************
2025-04-02 13:05:04: INFO: ******************* set password successfully **********************
2025-04-02 13:05:07: INFO: ******************* home page test case pass successfully ********************
2025-04-02 13:05:07: INFO: ******************* click on login btn **********************
2025-04-02 13:05:11: ERROR: ******************* login test case failed **********************
2025-04-02 13:45:09: INFO: ******************* test_login_001 **********************
2025-04-02 13:45:09: INFO: *******************verify homepage title **********************
2025-04-02 13:47:12: INFO: ******************* verify login page **********************
2025-04-02 13:50:09: INFO: ******************* test_login_001 **********************
2025-04-02 13:50:09: INFO: *******************verify homepage title **********************
2025-04-02 13:52:12: INFO: ******************* verify login page **********************
2025-04-02 13:54:17: INFO: ******************* test_login_001 **********************
2025-04-02 13:54:17: INFO: *******************verify homepage title **********************
2025-04-02 13:56:22: INFO: ******************* verify login page **********************
2025-04-02 14:51:12: INFO: ******************* test_login_001 **********************
2025-04-02 14:51:12: INFO: *******************verify homepage title **********************
2025-04-02 14:53:15: INFO: ******************* verify login page **********************
2025-04-02 14:55:18: INFO: ********************** Test__002_DDT_Login ******************
2025-04-02 14:55:18: INFO: ******************* verify login DDT Page **********************
2025-04-03 13:55:21: INFO: ******************* test_login_001 **********************
2025-04-03 13:55:21: INFO: *******************verify homepage title **********************
2025-04-03 13:57:25: INFO: ******************* verify login page **********************
2025-04-03 13:59:28: INFO: ********************** Test__002_DDT_Login ******************
2025-04-03 13:59:28: INFO: ******************* verify login DDT Page **********************
2025-04-03 14:03:03: INFO: ********************** Test__002_DDT_Login ******************
2025-04-03 14:03:03: INFO: ******************* verify login DDT Page **********************
2025-04-03 14:08:46: INFO: ********************** Test__002_DDT_Login ******************
2025-04-03 14:08:46: INFO: ******************* verify login DDT Page **********************
2025-04-03 14:14:19: INFO: ********************** Test__002_DDT_Login ******************
2025-04-03 14:14:19: INFO: ******************* verify login DDT Page **********************
2025-04-03 14:14:26: INFO: ********** login DDT test is pass**********
2025-04-03 14:14:50: INFO: ********************** Test__002_DDT_Login ******************
2025-04-03 14:14:50: INFO: ******************* verify login DDT Page **********************
2025-04-03 14:14:58: INFO: ********** login DDT test is pass**********
2025-04-03 14:32:03: INFO: ********************** Test__002_DDT_Login ******************
2025-04-03 14:32:03: INFO: ******************* verify login DDT Page **********************
2025-04-03 14:32:11: INFO: ********** login DDT test is pass**********
2025-04-03 14:40:12: INFO: ********************** Test__002_DDT_Login ******************
2025-04-03 14:40:12: INFO: ******************* verify login DDT Page **********************
2025-04-03 14:40:19: INFO: ********** login DDT test is pass**********
2025-04-03 14:42:48: INFO: ********************** Test__002_DDT_Login ******************
2025-04-03 14:42:48: INFO: ******************* verify login DDT Page **********************
2025-04-03 14:43:06: INFO: ********** login DDT test is pass**********
2025-04-04 12:28:28: INFO: ******************* test_login_001 **********************
2025-04-04 12:28:28: INFO: *******************verify homepage title **********************
2025-04-04 12:28:36: INFO: ******************* home page test case pass successfully ********************
2025-04-04 12:28:38: INFO: ******************* verify login page **********************
2025-04-04 12:28:40: INFO: ******************* set username successfully **********************
2025-04-04 12:28:43: INFO: ******************* set password successfully **********************
2025-04-04 12:28:47: INFO: ******************* click on login btn **********************
2025-04-04 12:28:50: ERROR: ******************* login test case failed **********************
2025-04-04 12:28:52: INFO: ********************** Test__002_DDT_Login ******************
2025-04-04 12:28:52: INFO: ******************* verify login DDT Page **********************
2025-04-04 12:29:12: INFO: ********** login DDT test is pass**********
2025-04-04 12:32:05: INFO: ******************* test_login_001 **********************
2025-04-04 12:32:05: INFO: *******************verify homepage title **********************
2025-04-04 12:32:13: INFO: ******************* home page test case pass successfully ********************
2025-04-04 12:32:15: INFO: ******************* verify login page **********************
2025-04-04 12:32:18: INFO: ******************* set username successfully **********************
2025-04-04 12:32:22: INFO: ******************* set password successfully **********************
2025-04-04 12:32:25: INFO: ******************* click on login btn **********************
2025-04-04 12:38:16: INFO: ******************* test_login_001 **********************
2025-04-04 12:38:16: INFO: *******************verify homepage title **********************
2025-04-04 12:38:26: INFO: ******************* home page test case pass successfully ********************
2025-04-04 12:38:28: INFO: ******************* verify login page **********************
2025-04-04 12:38:31: INFO: ******************* set username successfully **********************
2025-04-04 12:38:35: INFO: ******************* set password successfully **********************
2025-04-04 12:38:38: INFO: ******************* click on login btn **********************
2025-04-04 12:38:41: ERROR: ******************* login test case failed **********************
2025-04-04 12:40:04: INFO: ********************** Test__002_DDT_Login ******************
2025-04-04 12:40:04: INFO: ******************* verify login DDT Page **********************
2025-04-04 12:40:21: INFO: ********** login DDT test is pass**********
2025-04-08 13:02:30: INFO: ***************** Test_003_AddCustomer *********************
2025-04-08 13:02:32: INFO: ***************** set username *********************
2025-04-08 13:02:32: INFO: ***************** set password *********************
2025-04-08 13:02:34: INFO: ******************* test_login_001 **********************
2025-04-08 13:02:34: INFO: *******************verify homepage title **********************
2025-04-08 13:02:42: INFO: ******************* home page test case pass successfully ********************
2025-04-08 13:02:44: INFO: ******************* verify login page **********************
2025-04-08 13:02:47: INFO: ******************* set username successfully **********************
2025-04-08 13:02:50: INFO: ******************* set password successfully **********************
2025-04-08 13:02:54: INFO: ******************* click on login btn **********************
2025-04-08 13:02:57: ERROR: ******************* login test case failed **********************
2025-04-08 13:02:59: INFO: ********************** Test__002_DDT_Login ******************
2025-04-08 13:02:59: INFO: ******************* verify login DDT Page **********************
2025-04-08 13:03:17: INFO: ********** login DDT test is pass**********
2025-04-08 13:07:53: INFO: ***************** Test_003_AddCustomer *********************
2025-04-08 13:07:55: INFO: ***************** set username *********************
2025-04-08 13:07:55: INFO: ***************** set password *********************
2025-04-08 13:07:57: INFO: ***************** Login successfully *********************
2025-04-08 13:07:57: INFO: ***************** starting add customer test *********************
2025-04-08 13:07:59: INFO: ******************* test_login_001 **********************
2025-04-08 13:07:59: INFO: *******************verify homepage title **********************
2025-04-08 13:08:08: INFO: ******************* home page test case pass successfully ********************
2025-04-08 13:08:09: INFO: ******************* verify login page **********************
2025-04-08 13:08:12: INFO: ******************* set username successfully **********************
2025-04-08 13:08:15: INFO: ******************* set password successfully **********************
2025-04-08 13:08:18: INFO: ******************* click on login btn **********************
2025-04-08 13:08:21: ERROR: ******************* login test case failed **********************
2025-04-08 13:08:23: INFO: ********************** Test__002_DDT_Login ******************
2025-04-08 13:08:23: INFO: ******************* verify login DDT Page **********************
2025-04-08 13:08:41: INFO: ********** login DDT test is pass**********
